[-----  Mon, 14 Oct 2013 14:10:44 -0700  -----]
[-ksi-] Running install of liquibase-3.0.6 to kuali-dev at index 1 ...
[-ksi-] Running as user "kualiadm", group "kuali" ...
[-ksi-] Running with root paths of /opt, /etc/opt, and /var/opt ...
[-ksi-] Changed directory to /home/kualiadm/ksi ...
[-ksi-] Seeding environment ...
[-ksi-] Sourcing helper scripts ...
[-setup-] Checking for required environment variables ...
[-setup-] Setting up service installer paths ...
[-setup-] Setting up service home paths ...
[-setup-] Setting up service configuration paths ...
[-setup-] Setting up service base paths ...
[-custom-] Adding environment customizations from properties files ...
[-utilities-] Loading utility functions ...
[-stub-] Stubbing out service home directory structure ...
[-stub-] Stubbing out service configuration directory structure ...
[-stub-] Stubbing out service base directory structure ...
[-ksi-] Sourcing component action script ...
[-install-] Creating /opt/kuali/__build__/source/liquibase/liquibase-3.0.6 ...
[-install-] Creating /opt/kuali/__build__/logs/liquibase ...
[-install-] Copying /home/kualiadm/ksi/components/liquibase/liquibase-3.0.6/liquibase-3.0.6-bin.tar.gz to /opt/kuali/__build__/source/liquibase/liquibase-3.0.6 ...
[-install-] Changing directory to /opt/kuali/__build__/source/liquibase/liquibase-3.0.6 ...
[-install-] Unpacking distribution file ...
/home/kualiadm/ksi/components/liquibase/liquibase-3.0.6/_install.sh: line 38: cd: liquibase-3.0.6-bin: No such file or directory
[-install-] Copying binary files to /opt/kuali/liquibase/liquibase-3.0.6/bin/ ...
[-install-] Making liquibase binary executable ...
[-install-] Changing directory to /home/kualiadm/ksi ...
[-install-] Copying /home/kualiadm/ksi/components/liquibase/liquibase-3.0.6/liquibase_kc.sh to /opt/kuali/liquibase/liquibase-3.0.6/bin/ ...
[-install-] Copying /home/kualiadm/ksi/components/liquibase/liquibase-3.0.6/lib/*.jar to /opt/kuali/liquibase/liquibase-3.0.6/lib/ ...
[-install-] Adding component configuration ...
[-install-] Adding component base structure ...
[-ksi-] Run complete.
[-----  Mon, 14 Oct 2013 14:10:45 -0700  -----]
*
* N.b.: If you have kept a log of this KSI invocation that you would like to
* retain for future reference, the suggested archive location would be:
*
*   /opt/kuali/__build__/logs/liquibase/install.liquibase-3.0.6.log
*
